
Summary
=======================

General
 no of labels : 5
 dimension    : 100

Files
 train data : ./data/100_data.txt	(3000 examples)
 classifier : ./opt_cls/0.36_sig.cls
 test data  : ./100_test.txt	(3000 examples)

Kernel
 kernel_type :	kernel_polynomial_homo (2)
 polynom_degree :	1
 polynom_a0 :	1.000000
 exponent_sigma :	0.500000

Scaling
 used scaling : no
 scale factor : 0.0000000000
 zero mean    : no

Support Patterns
 total suppurt patterns : 2486
 suppurt patterns per class
		class	support patterns
		0	372
		1	787
		2	1186
		3	567
		4	2063

Error Statsitics
 test error : 81.57% (2447 / 3000)

 error statistics (correct/predicted)
        0    1    2    3    4 
   0    0    0    0    0  200 
   1    0    0    0    2  398 
   2    0    0    1  164  435 
   3    1   24  168  551   56 
   4  160  369  370  100    1 

