
Summary
=======================

General
 no of labels : 5
 dimension    : 100

Files
 train data : ./data/100_data.txt	(3000 examples)
 classifier : ./opt_cls/0.51_sig.cls
 test data  : ./100_test.txt	(3000 examples)

Kernel
 kernel_type :	kernel_polynomial_homo (2)
 polynom_degree :	1
 polynom_a0 :	1.000000
 exponent_sigma :	0.500000

Scaling
 used scaling : no
 scale factor : 0.0000000000
 zero mean    : no

Support Patterns
 total suppurt patterns : 2592
 suppurt patterns per class
		class	support patterns
		0	386
		1	794
		2	1194
		3	780
		4	2033

Error Statsitics
 test error : 78.77% (2363 / 3000)

 error statistics (correct/predicted)
        0    1    2    3    4 
   0    0    0    0    0  200 
   1    0    0    0    2  398 
   2    0    0    1  182  417 
   3    3   31   83  636   47 
   4  178  363  252  207    0 

