
Summary
=======================

General
 no of labels : 5
 dimension    : 100

Files
 train data : ./data/100_data.txt	(3000 examples)
 classifier : ./opt_cls/0.81_sig.cls
 test data  : ./100_test.txt	(3000 examples)

Kernel
 kernel_type :	kernel_polynomial_homo (2)
 polynom_degree :	1
 polynom_a0 :	1.000000
 exponent_sigma :	0.500000

Scaling
 used scaling : no
 scale factor : 0.0000000000
 zero mean    : no

Support Patterns
 total suppurt patterns : 2436
 suppurt patterns per class
		class	support patterns
		0	392
		1	796
		2	1076
		3	994
		4	1619

Error Statsitics
 test error : 76.63% (2299 / 3000)

 error statistics (correct/predicted)
        0    1    2    3    4 
   0    0    0  192    0    8 
   1    0    0  351    6   43 
   2    0    0   95  128  377 
   3    4   26    1  424  345 
   4  181  287    0  350  182 

