
Summary
=======================

General
 no of labels : 5
 dimension    : 100

Files
 train data : ./data/100_data.txt	(3000 examples)
 classifier : ./opt_cls/0.96_sig.cls
 test data  : ./100_test.txt	(3000 examples)

Kernel
 kernel_type :	kernel_polynomial_homo (2)
 polynom_degree :	1
 polynom_a0 :	1.000000
 exponent_sigma :	0.500000

Scaling
 used scaling : no
 scale factor : 0.0000000000
 zero mean    : no

Support Patterns
 total suppurt patterns : 2555
 suppurt patterns per class
		class	support patterns
		0	394
		1	795
		2	1070
		3	1206
		4	1646

Error Statsitics
 test error : 74.83% (2245 / 3000)

 error statistics (correct/predicted)
        0    1    2    3    4 
   0    0    0  194    0    6 
   1    0    0  347    9   44 
   2    0    0   94  161  345 
   3    4   14    1  465  316 
   4  174  218    0  412  196 

