
Summary
=======================

General
 no of labels : 5
 dimension    : 100

Files
 train data : ./data/100_data.txt	(3000 examples)
 classifier : ./opt_cls/10_rbf.cls
 test data  : ./100_test.txt	(3000 examples)

Kernel
 kernel_type :	kernel_exponent (0)
 polynom_degree :	1
 polynom_a0 :	1.000000
 exponent_sigma :	10.000000

Scaling
 used scaling : no
 scale factor : 0.0000000000
 zero mean    : no

Support Patterns
 total suppurt patterns : 2244
 suppurt patterns per class
		class	support patterns
		0	263
		1	741
		2	1166
		3	1568
		4	924

Error Statsitics
 test error : 26.23% (787 / 3000)

 error statistics (correct/predicted)
        0    1    2    3    4 
   0  173   27    0    0    0 
   1   36  282   81    1    0 
   2    0   93  383  120    4 
   3    0    1  114  524  161 
   4    0    0    3  146  851 

