
Summary
=======================

General
 no of labels : 5
 dimension    : 100

Files
 train data : ./data/100_data.txt	(3000 examples)
 classifier : ./opt_cls/1_rbf.cls
 test data  : ./100_test.txt	(3000 examples)

Kernel
 kernel_type :	kernel_exponent (0)
 polynom_degree :	1
 polynom_a0 :	1.000000
 exponent_sigma :	1.000000

Scaling
 used scaling : no
 scale factor : 0.0000000000
 zero mean    : no

Support Patterns
 total suppurt patterns : 3000
 suppurt patterns per class
		class	support patterns
		0	3000
		1	3000
		2	3000
		3	3000
		4	3000

Error Statsitics
 test error : 65.87% (1976 / 3000)

 error statistics (correct/predicted)
        0    1    2    3    4 
   0  200    0    0    0    0 
   1  396    4    0    0    0 
   2  467  106   23    3    1 
   3  101  276  203  132   88 
   4    2   28   92  213  665 

