
Summary
=======================

General
 no of labels : 5
 dimension    : 100

Files
 train data : ./data/100_data.txt	(3000 examples)
 classifier : ./opt_cls/2_rbf.cls
 test data  : ./100_test.txt	(3000 examples)

Kernel
 kernel_type :	kernel_exponent (0)
 polynom_degree :	1
 polynom_a0 :	1.000000
 exponent_sigma :	2.000000

Scaling
 used scaling : no
 scale factor : 0.0000000000
 zero mean    : no

Support Patterns
 total suppurt patterns : 2966
 suppurt patterns per class
		class	support patterns
		0	2308
		1	2957
		2	2807
		3	2605
		4	2273

Error Statsitics
 test error : 29.30% (879 / 3000)

 error statistics (correct/predicted)
        0    1    2    3    4 
   0  177   22    1    0    0 
   1   29  265  103    3    0 
   2    0   70  366  151   13 
   3    0    0   76  352  372 
   4    0    0    2   37  961 

