
Summary
=======================

General
 no of labels : 5
 dimension    : 100

Files
 train data : ./data/100_data.txt	(3000 examples)
 classifier : ./opt_cls/3_poly.cls
 test data  : ./100_test.txt	(3000 examples)

Kernel
 kernel_type :	kernel_polynomial_homo (2)
 polynom_degree :	3
 polynom_a0 :	1.000000
 exponent_sigma :	0.500000

Scaling
 used scaling : no
 scale factor : 0.0000000000
 zero mean    : no

Support Patterns
 total suppurt patterns : 2855
 suppurt patterns per class
		class	support patterns
		0	724
		1	1342
		2	2084
		3	2730
		4	2501

Error Statsitics
 test error : 48.27% (1448 / 3000)

 error statistics (correct/predicted)
        0    1    2    3    4 
   0  168   31    1    0    0 
   1  193  146   58    3    0 
   2   60  190  203  117   30 
   3    3   67  172  287  271 
   4    0    4   38  210  748 

