
Summary
=======================

General
 no of labels : 5
 dimension    : 100

Files
 train data : ./data/100_data.txt	(3000 examples)
 classifier : ./opt_cls/4_rbf.cls
 test data  : ./100_test.txt	(3000 examples)

Kernel
 kernel_type :	kernel_exponent (0)
 polynom_degree :	1
 polynom_a0 :	1.000000
 exponent_sigma :	4.000000

Scaling
 used scaling : no
 scale factor : 0.0000000000
 zero mean    : no

Support Patterns
 total suppurt patterns : 2624
 suppurt patterns per class
		class	support patterns
		0	331
		1	965
		2	1513
		3	1984
		4	1323

Error Statsitics
 test error : 28.67% (860 / 3000)

 error statistics (correct/predicted)
        0    1    2    3    4 
   0  175   25    0    0    0 
   1   40  275   84    1    0 
   2    0   97  371  128    4 
   3    0    2  129  481  188 
   4    0    0    8  154  838 

