
Summary
=======================

General
 no of labels : 5
 dimension    : 100

Files
 train data : ./data/100_data.txt	(3000 examples)
 classifier : ./opt_cls/5_poly.cls
 test data  : ./100_test.txt	(3000 examples)

Kernel
 kernel_type :	kernel_polynomial_homo (2)
 polynom_degree :	5
 polynom_a0 :	1.000000
 exponent_sigma :	0.500000

Scaling
 used scaling : no
 scale factor : 0.0000000000
 zero mean    : no

Support Patterns
 total suppurt patterns : 2908
 suppurt patterns per class
		class	support patterns
		0	1205
		1	1724
		2	2348
		3	2849
		4	2813

Error Statsitics
 test error : 57.87% (1736 / 3000)

 error statistics (correct/predicted)
        0    1    2    3    4 
   0  184   16    0    0    0 
   1  312   78   10    0    0 
   2  250  207  116   22    5 
   3   74  150  210  210  156 
   4    2   20   82  220  676 

