
Summary
=======================

General
 no of labels : 5
 dimension    : 100

Files
 train data : ./data/100_data.txt	(3000 examples)
 classifier : ./opt_cls/6_poly.cls
 test data  : ./100_test.txt	(3000 examples)

Kernel
 kernel_type :	kernel_polynomial_homo (2)
 polynom_degree :	6
 polynom_a0 :	1.000000
 exponent_sigma :	0.500000

Scaling
 used scaling : no
 scale factor : 0.0000000000
 zero mean    : no

Support Patterns
 total suppurt patterns : 2937
 suppurt patterns per class
		class	support patterns
		0	1481
		1	1935
		2	2458
		3	2876
		4	2849

Error Statsitics
 test error : 64.50% (1935 / 3000)

 error statistics (correct/predicted)
        0    1    2    3    4 
   0  190   10    0    0    0 
   1  351   48    1    0    0 
   2  360  168   60   11    1 
   3  166  189  174  163  108 
   4   16   33  119  228  604 

