
Summary
=======================

General
 no of labels : 5
 dimension    : 100

Files
 train data : ./data/100_data.txt	(3000 examples)
 classifier : ./opt_cls/6_rbf.cls
 test data  : ./100_test.txt	(3000 examples)

Kernel
 kernel_type :	kernel_exponent (0)
 polynom_degree :	1
 polynom_a0 :	1.000000
 exponent_sigma :	6.000000

Scaling
 used scaling : no
 scale factor : 0.0000000000
 zero mean    : no

Support Patterns
 total suppurt patterns : 2412
 suppurt patterns per class
		class	support patterns
		0	265
		1	799
		2	1316
		3	1779
		4	1130

Error Statsitics
 test error : 27.57% (827 / 3000)

 error statistics (correct/predicted)
        0    1    2    3    4 
   0  180   20    0    0    0 
   1   42  279   78    1    0 
   2    0   93  386  117    4 
   3    0    3  118  500  179 
   4    0    0    6  166  828 

