
Summary
=======================

General
 no of labels : 5
 dimension    : 100

Files
 train data : ./data/100_data.txt	(3000 examples)
 classifier : ./opt_cls/7_rbf.cls
 test data  : ./100_test.txt	(3000 examples)

Kernel
 kernel_type :	kernel_exponent (0)
 polynom_degree :	1
 polynom_a0 :	1.000000
 exponent_sigma :	7.000000

Scaling
 used scaling : no
 scale factor : 0.0000000000
 zero mean    : no

Support Patterns
 total suppurt patterns : 2350
 suppurt patterns per class
		class	support patterns
		0	254
		1	755
		2	1261
		3	1711
		4	1066

Error Statsitics
 test error : 27.50% (825 / 3000)

 error statistics (correct/predicted)
        0    1    2    3    4 
   0  179   21    0    0    0 
   1   38  285   76    1    0 
   2    0   88  392  116    4 
   3    0    2  120  501  177 
   4    0    0    6  176  818 

