
Summary
=======================

General
 no of labels : 5
 dimension    : 100

Files
 train data : ./data/100_data.txt	(3000 examples)
 classifier : ./opt_cls/8_rbf.cls
 test data  : ./100_test.txt	(3000 examples)

Kernel
 kernel_type :	kernel_exponent (0)
 polynom_degree :	1
 polynom_a0 :	1.000000
 exponent_sigma :	8.000000

Scaling
 used scaling : no
 scale factor : 0.0000000000
 zero mean    : no

Support Patterns
 total suppurt patterns : 2301
 suppurt patterns per class
		class	support patterns
		0	251
		1	744
		2	1212
		3	1634
		4	1006

Error Statsitics
 test error : 27.17% (815 / 3000)

 error statistics (correct/predicted)
        0    1    2    3    4 
   0  179   21    0    0    0 
   1   38  283   78    1    0 
   2    0   87  399  110    4 
   3    0    2  124  502  172 
   4    0    0    5  173  822 

