
Summary
=======================

General
 no of labels : 5
 dimension    : 100

Files
 train data : ./data/100_data.txt	(3000 examples)
 classifier : ./size_cls/100_data_sig.cls
 test data  : ./100_test.txt	(3000 examples)

Kernel
 kernel_type :	kernel_polynomial_homo (2)
 polynom_degree :	1
 polynom_a0 :	1.000000
 exponent_sigma :	0.500000

Scaling
 used scaling : no
 scale factor : 0.0000000000
 zero mean    : no

Support Patterns
 total suppurt patterns : 2629
 suppurt patterns per class
		class	support patterns
		0	395
		1	796
		2	1069
		3	1285
		4	1717

Error Statsitics
 test error : 75.83% (2275 / 3000)

 error statistics (correct/predicted)
        0    1    2    3    4 
   0    0    0  196    0    4 
   1    0    0  346    7   47 
   2    0    0   91  147  362 
   3    5   12    1  482  300 
   4  176  211    0  461  152 

