
Summary
=======================

General
 no of labels : 5
 dimension    : 100

Files
 train data : ./data/100_data.txt	(3000 examples)
 classifier : ./size_cls/100_data_rbf.cls
 test data  : ./100_test.txt	(3000 examples)

Kernel
 kernel_type :	kernel_exponent (0)
 polynom_degree :	1
 polynom_a0 :	1.000000
 exponent_sigma :	3.000000

Scaling
 used scaling : no
 scale factor : 0.0000000000
 zero mean    : no

Support Patterns
 total suppurt patterns : 2794
 suppurt patterns per class
		class	support patterns
		0	409
		1	1152
		2	1737
		3	2218
		4	1602

Error Statsitics
 test error : 28.70% (861 / 3000)

 error statistics (correct/predicted)
        0    1    2    3    4 
   0  179   21    0    0    0 
   1   41  271   87    1    0 
   2    0  100  353  142    5 
   3    0    1  127  463  209 
   4    0    0    8  119  873 

