
Summary
=======================

General
 no of labels : 5
 dimension    : 100

Files
 train data : ./data/100_data.txt	(300 examples)
 classifier : ./size_cls/10_data_poly.cls
 test data  : ./100_test.txt	(3000 examples)

Kernel
 kernel_type :	kernel_polynomial_homo (2)
 polynom_degree :	2
 polynom_a0 :	1.000000
 exponent_sigma :	0.500000

Scaling
 used scaling : no
 scale factor : 0.0000000000
 zero mean    : no

Support Patterns
 total suppurt patterns : 290
 suppurt patterns per class
		class	support patterns
		0	100
		1	166
		2	230
		3	275
		4	282

Error Statsitics
 test error : 93.03% (2791 / 3000)

 error statistics (correct/predicted)
        0    1    2    3    4 
   0  168   31    0    0    1 
   1  357   41    0    0    2 
   2  568   31    0    0    1 
   3  784   16    0    0    0 
   4  994    6    0    0    0 

