
Summary
=======================

General
 no of labels : 5
 dimension    : 100

Files
 train data : ./data/100_data.txt	(300 examples)
 classifier : ./size_cls/10_data_sig.cls
 test data  : ./100_test.txt	(3000 examples)

Kernel
 kernel_type :	kernel_polynomial_homo (2)
 polynom_degree :	1
 polynom_a0 :	1.000000
 exponent_sigma :	0.500000

Scaling
 used scaling : no
 scale factor : 0.0000000000
 zero mean    : no

Support Patterns
 total suppurt patterns : 299
 suppurt patterns per class
		class	support patterns
		0	43
		1	128
		2	129
		3	164
		4	199

Error Statsitics
 test error : 91.07% (2732 / 3000)

 error statistics (correct/predicted)
        0    1    2    3    4 
   0    0    0    0    0  200 
   1    0    1    4    0  395 
   2    1    2   43    0  554 
   3    4   23  266   22  485 
   4   35  122  569   72  202 

