
Summary
=======================

General
 no of labels : 5
 dimension    : 100

Files
 train data : ./data/100_data.txt	(455 examples)
 classifier : ./size_cls/15_data_sig.cls
 test data  : ./100_test.txt	(3000 examples)

Kernel
 kernel_type :	kernel_polynomial_homo (2)
 polynom_degree :	1
 polynom_a0 :	1.000000
 exponent_sigma :	0.500000

Scaling
 used scaling : no
 scale factor : 0.0000000000
 zero mean    : no

Support Patterns
 total suppurt patterns : 455
 suppurt patterns per class
		class	support patterns
		0	63
		1	168
		2	195
		3	249
		4	304

Error Statsitics
 test error : 86.33% (2590 / 3000)

 error statistics (correct/predicted)
        0    1    2    3    4 
   0    0    0    0    1  199 
   1    0    0    0    0  400 
   2    0    0    0   16  584 
   3    5    4   13  208  570 
   4   45   15   38  700  202 

