
Summary
=======================

General
 no of labels : 5
 dimension    : 100

Files
 train data : ./data/100_data.txt	(455 examples)
 classifier : ./size_cls/15_data_rbf.cls
 test data  : ./100_test.txt	(3000 examples)

Kernel
 kernel_type :	kernel_exponent (0)
 polynom_degree :	1
 polynom_a0 :	1.000000
 exponent_sigma :	3.000000

Scaling
 used scaling : no
 scale factor : 0.0000000000
 zero mean    : no

Support Patterns
 total suppurt patterns : 455
 suppurt patterns per class
		class	support patterns
		0	134
		1	273
		2	388
		3	396
		4	316

Error Statsitics
 test error : 53.10% (1593 / 3000)

 error statistics (correct/predicted)
        0    1    2    3    4 
   0    0    0  200    0    0 
   1    0    0  400    0    0 
   2    0    0  503    2   95 
   3    0    0  178   42  580 
   4    0    0    6  132  862 

