
Summary
=======================

General
 no of labels : 5
 dimension    : 100

Files
 train data : ./data/100_data.txt	(600 examples)
 classifier : ./size_cls/20_data_poly.cls
 test data  : ./100_test.txt	(3000 examples)

Kernel
 kernel_type :	kernel_polynomial_homo (2)
 polynom_degree :	2
 polynom_a0 :	1.000000
 exponent_sigma :	0.500000

Scaling
 used scaling : no
 scale factor : 0.0000000000
 zero mean    : no

Support Patterns
 total suppurt patterns : 585
 suppurt patterns per class
		class	support patterns
		0	173
		1	306
		2	423
		3	536
		4	556

Error Statsitics
 test error : 93.60% (2808 / 3000)

 error statistics (correct/predicted)
        0    1    2    3    4 
   0  192    2    0    6    0 
   1  393    0    0    7    0 
   2  597    0    0    3    0 
   3  800    0    0    0    0 
   4 1000    0    0    0    0 

