
Summary
=======================

General
 no of labels : 5
 dimension    : 100

Files
 train data : ./data/100_data.txt	(600 examples)
 classifier : ./size_cls/20_data_sig.cls
 test data  : ./100_test.txt	(3000 examples)

Kernel
 kernel_type :	kernel_polynomial_homo (2)
 polynom_degree :	1
 polynom_a0 :	1.000000
 exponent_sigma :	0.500000

Scaling
 used scaling : no
 scale factor : 0.0000000000
 zero mean    : no

Support Patterns
 total suppurt patterns : 600
 suppurt patterns per class
		class	support patterns
		0	81
		1	234
		2	254
		3	327
		4	402

Error Statsitics
 test error : 85.30% (2559 / 3000)

 error statistics (correct/predicted)
        0    1    2    3    4 
   0    0    0    0    1  199 
   1    0    0    0    0  400 
   2    0    0    0   29  571 
   3    2    0    0  318  480 
   4   34    0    1  842  123 

