
Summary
=======================

General
 no of labels : 5
 dimension    : 100

Files
 train data : ./data/100_data.txt	(750 examples)
 classifier : ./size_cls/25_data_rbf.cls
 test data  : ./100_test.txt	(3000 examples)

Kernel
 kernel_type :	kernel_exponent (0)
 polynom_degree :	1
 polynom_a0 :	1.000000
 exponent_sigma :	3.000000

Scaling
 used scaling : no
 scale factor : 0.0000000000
 zero mean    : no

Support Patterns
 total suppurt patterns : 742
 suppurt patterns per class
		class	support patterns
		0	173
		1	397
		2	580
		3	633
		4	498

Error Statsitics
 test error : 44.90% (1347 / 3000)

 error statistics (correct/predicted)
        0    1    2    3    4 
   0    0  200    0    0    0 
   1    0  324   15   61    0 
   2    0  211   60  312   17 
   3    0   28   64  461  247 
   4    0    1    5  186  808 

