
Summary
=======================

General
 no of labels : 5
 dimension    : 100

Files
 train data : ./data/100_data.txt	(900 examples)
 classifier : ./size_cls/30_data_rbf.cls
 test data  : ./100_test.txt	(3000 examples)

Kernel
 kernel_type :	kernel_exponent (0)
 polynom_degree :	1
 polynom_a0 :	1.000000
 exponent_sigma :	3.000000

Scaling
 used scaling : no
 scale factor : 0.0000000000
 zero mean    : no

Support Patterns
 total suppurt patterns : 882
 suppurt patterns per class
		class	support patterns
		0	182
		1	447
		2	666
		3	743
		4	572

Error Statsitics
 test error : 51.90% (1557 / 3000)

 error statistics (correct/predicted)
        0    1    2    3    4 
   0    0   79    0  121    0 
   1    0   18    0  382    0 
   2    0    4    0  596    0 
   3    0    0    1  708   91 
   4    0    0    1  282  717 

