
Summary
=======================

General
 no of labels : 5
 dimension    : 100

Files
 train data : ./data/100_data.txt	(900 examples)
 classifier : ./size_cls/30_data_poly.cls
 test data  : ./100_test.txt	(3000 examples)

Kernel
 kernel_type :	kernel_polynomial_homo (2)
 polynom_degree :	2
 polynom_a0 :	1.000000
 exponent_sigma :	0.500000

Scaling
 used scaling : no
 scale factor : 0.0000000000
 zero mean    : no

Support Patterns
 total suppurt patterns : 864
 suppurt patterns per class
		class	support patterns
		0	229
		1	426
		2	643
		3	797
		4	769

Error Statsitics
 test error : 72.23% (2167 / 3000)

 error statistics (correct/predicted)
        0    1    2    3    4 
   0  182    0    1    0   17 
   1  312    0    1    0   87 
   2  355    0    0    0  245 
   3  408    0    0    0  392 
   4  349    0    0    0  651 

