
Summary
=======================

General
 no of labels : 5
 dimension    : 100

Files
 train data : ./data/100_data.txt	(1200 examples)
 classifier : ./size_cls/40_data_poly.cls
 test data  : ./100_test.txt	(3000 examples)

Kernel
 kernel_type :	kernel_polynomial_homo (2)
 polynom_degree :	2
 polynom_a0 :	1.000000
 exponent_sigma :	0.500000

Scaling
 used scaling : no
 scale factor : 0.0000000000
 zero mean    : no

Support Patterns
 total suppurt patterns : 1151
 suppurt patterns per class
		class	support patterns
		0	292
		1	537
		2	808
		3	1048
		4	969

Error Statsitics
 test error : 91.83% (2755 / 3000)

 error statistics (correct/predicted)
        0    1    2    3    4 
   0  193    0    0    7    0 
   1  375    0    0   25    0 
   2  546    0    0   54    0 
   3  748    0    0   52    0 
   4  939    0    0   61    0 

