
Summary
=======================

General
 no of labels : 5
 dimension    : 100

Files
 train data : ./data/100_data.txt	(1200 examples)
 classifier : ./size_cls/40_data_sig.cls
 test data  : ./100_test.txt	(3000 examples)

Kernel
 kernel_type :	kernel_polynomial_homo (2)
 polynom_degree :	1
 polynom_a0 :	1.000000
 exponent_sigma :	0.500000

Scaling
 used scaling : no
 scale factor : 0.0000000000
 zero mean    : no

Support Patterns
 total suppurt patterns : 1199
 suppurt patterns per class
		class	support patterns
		0	159
		1	354
		2	482
		3	644
		4	804

Error Statsitics
 test error : 87.33% (2620 / 3000)

 error statistics (correct/predicted)
        0    1    2    3    4 
   0    0    0    0    0  200 
   1    0    0    0    0  400 
   2    0    0    1   14  585 
   3    8    0   47  324  421 
   4  168    0   46  731   55 

