
Summary
=======================

General
 no of labels : 5
 dimension    : 100

Files
 train data : ./data/100_data.txt	(1350 examples)
 classifier : ./size_cls/45_data_rbf.cls
 test data  : ./100_test.txt	(3000 examples)

Kernel
 kernel_type :	kernel_exponent (0)
 polynom_degree :	1
 polynom_a0 :	1.000000
 exponent_sigma :	3.000000

Scaling
 used scaling : no
 scale factor : 0.0000000000
 zero mean    : no

Support Patterns
 total suppurt patterns : 1315
 suppurt patterns per class
		class	support patterns
		0	242
		1	617
		2	916
		3	1096
		4	823

Error Statsitics
 test error : 48.27% (1448 / 3000)

 error statistics (correct/predicted)
        0    1    2    3    4 
   0    0  192    8    0    0 
   1    0  216  184    0    0 
   2    0  156  426    6   12 
   3    0   47  386  114  253 
   4    0    2   49  153  796 

