
Summary
=======================

General
 no of labels : 5
 dimension    : 100

Files
 train data : ./data/100_data.txt	(1350 examples)
 classifier : ./size_cls/45_data_poly.cls
 test data  : ./100_test.txt	(3000 examples)

Kernel
 kernel_type :	kernel_polynomial_homo (2)
 polynom_degree :	2
 polynom_a0 :	1.000000
 exponent_sigma :	0.500000

Scaling
 used scaling : no
 scale factor : 0.0000000000
 zero mean    : no

Support Patterns
 total suppurt patterns : 1308
 suppurt patterns per class
		class	support patterns
		0	320
		1	606
		2	951
		3	1198
		4	1073

Error Statsitics
 test error : 87.00% (2610 / 3000)

 error statistics (correct/predicted)
        0    1    2    3    4 
   0  176    5    0   19    0 
   1  327    3    0   70    0 
   2  460    0    0  139    1 
   3  588    1    0  211    0 
   4  704    1    0  295    0 

