
Summary
=======================

General
 no of labels : 5
 dimension    : 100

Files
 train data : ./data/100_data.txt	(1500 examples)
 classifier : ./size_cls/50_data_rbf.cls
 test data  : ./100_test.txt	(3000 examples)

Kernel
 kernel_type :	kernel_exponent (0)
 polynom_degree :	1
 polynom_a0 :	1.000000
 exponent_sigma :	3.000000

Scaling
 used scaling : no
 scale factor : 0.0000000000
 zero mean    : no

Support Patterns
 total suppurt patterns : 1442
 suppurt patterns per class
		class	support patterns
		0	262
		1	679
		2	970
		3	1193
		4	875

Error Statsitics
 test error : 54.37% (1631 / 3000)

 error statistics (correct/predicted)
        0    1    2    3    4 
   0    0    0  200    0    0 
   1    0    0  400    0    0 
   2    0    3  595    1    1 
   3    0    5  617   57  121 
   4    0    1  124  158  717 

