
Summary
=======================

General
 no of labels : 5
 dimension    : 100

Files
 train data : ./data/100_data.txt	(150 examples)
 classifier : ./size_cls/5_data_sig.cls
 test data  : ./100_test.txt	(3000 examples)

Kernel
 kernel_type :	kernel_polynomial_homo (2)
 polynom_degree :	1
 polynom_a0 :	1.000000
 exponent_sigma :	0.500000

Scaling
 used scaling : no
 scale factor : 0.0000000000
 zero mean    : no

Support Patterns
 total suppurt patterns : 147
 suppurt patterns per class
		class	support patterns
		0	22
		1	63
		2	70
		3	83
		4	96

Error Statsitics
 test error : 79.97% (2399 / 3000)

 error statistics (correct/predicted)
        0    1    2    3    4 
   0   16   24   43   60   57 
   1   22   52   83  125  118 
   2   30   91  118  231  130 
   3   66  118  151  344  121 
   4   73  186  176  494   71 

