
Summary
=======================

General
 no of labels : 5
 dimension    : 100

Files
 train data : ./data/100_data.txt	(150 examples)
 classifier : ./size_cls/5_data_poly.cls
 test data  : ./100_test.txt	(3000 examples)

Kernel
 kernel_type :	kernel_polynomial_homo (2)
 polynom_degree :	2
 polynom_a0 :	1.000000
 exponent_sigma :	0.500000

Scaling
 used scaling : no
 scale factor : 0.0000000000
 zero mean    : no

Support Patterns
 total suppurt patterns : 149
 suppurt patterns per class
		class	support patterns
		0	65
		1	88
		2	116
		3	136
		4	145

Error Statsitics
 test error : 93.47% (2804 / 3000)

 error statistics (correct/predicted)
        0    1    2    3    4 
   0  183   16    1    0    0 
   1  386   13    1    0    0 
   2  587   13    0    0    0 
   3  797    3    0    0    0 
   4  998    2    0    0    0 

